mode: atomic
github.com/1mpuser/order/internal/api/order/v1/api.go:11.45,15.2 1 0
github.com/1mpuser/order/internal/api/order/v1/cancel.go:13.114,15.16 2 0
github.com/1mpuser/order/internal/api/order/v1/cancel.go:15.16,16.10 1 0
github.com/1mpuser/order/internal/api/order/v1/cancel.go:17.46,18.93 1 0
github.com/1mpuser/order/internal/api/order/v1/cancel.go:19.89,20.93 1 0
github.com/1mpuser/order/internal/api/order/v1/cancel.go:21.44,22.97 1 0
github.com/1mpuser/order/internal/api/order/v1/cancel.go:23.11,24.19 1 0
github.com/1mpuser/order/internal/api/order/v1/cancel.go:28.2,28.44 1 0
github.com/1mpuser/order/internal/api/order/v1/create.go:14.113,20.53 2 0
github.com/1mpuser/order/internal/api/order/v1/create.go:20.53,22.3 1 0
github.com/1mpuser/order/internal/api/order/v1/create.go:24.2,24.53 1 0
github.com/1mpuser/order/internal/api/order/v1/create.go:24.53,26.3 1 0
github.com/1mpuser/order/internal/api/order/v1/create.go:28.2,29.16 2 0
github.com/1mpuser/order/internal/api/order/v1/create.go:29.16,30.10 1 0
github.com/1mpuser/order/internal/api/order/v1/create.go:31.55,32.93 1 0
github.com/1mpuser/order/internal/api/order/v1/create.go:33.43,34.93 1 0
github.com/1mpuser/order/internal/api/order/v1/create.go:35.11,36.19 1 0
github.com/1mpuser/order/internal/api/order/v1/create.go:40.2,43.8 1 0
github.com/1mpuser/order/internal/api/order/v1/get.go:14.105,16.16 2 0
github.com/1mpuser/order/internal/api/order/v1/get.go:16.16,17.10 1 0
github.com/1mpuser/order/internal/api/order/v1/get.go:18.46,19.90 1 0
github.com/1mpuser/order/internal/api/order/v1/get.go:20.44,21.94 1 0
github.com/1mpuser/order/internal/api/order/v1/get.go:22.11,23.19 1 0
github.com/1mpuser/order/internal/api/order/v1/get.go:27.2,27.41 1 0
github.com/1mpuser/order/internal/api/order/v1/pay.go:14.135,18.16 3 0
github.com/1mpuser/order/internal/api/order/v1/pay.go:18.16,19.10 1 0
github.com/1mpuser/order/internal/api/order/v1/pay.go:20.46,21.90 1 0
github.com/1mpuser/order/internal/api/order/v1/pay.go:22.89,23.90 1 0
github.com/1mpuser/order/internal/api/order/v1/pay.go:24.53,25.94 1 0
github.com/1mpuser/order/internal/api/order/v1/pay.go:26.11,27.19 1 0
github.com/1mpuser/order/internal/api/order/v1/pay.go:31.2,33.8 1 0
github.com/1mpuser/order/internal/api/order/v1/api.go:11.45,15.2 1 0
github.com/1mpuser/order/internal/api/order/v1/cancel.go:13.114,15.16 2 0
github.com/1mpuser/order/internal/api/order/v1/cancel.go:15.16,16.10 1 0
github.com/1mpuser/order/internal/api/order/v1/cancel.go:17.46,18.93 1 0
github.com/1mpuser/order/internal/api/order/v1/cancel.go:19.89,20.93 1 0
github.com/1mpuser/order/internal/api/order/v1/cancel.go:21.44,22.97 1 0
github.com/1mpuser/order/internal/api/order/v1/cancel.go:23.11,24.19 1 0
github.com/1mpuser/order/internal/api/order/v1/cancel.go:28.2,28.44 1 0
github.com/1mpuser/order/internal/api/order/v1/create.go:14.113,20.53 2 0
github.com/1mpuser/order/internal/api/order/v1/create.go:20.53,22.3 1 0
github.com/1mpuser/order/internal/api/order/v1/create.go:24.2,24.53 1 0
github.com/1mpuser/order/internal/api/order/v1/create.go:24.53,26.3 1 0
github.com/1mpuser/order/internal/api/order/v1/create.go:28.2,29.16 2 0
github.com/1mpuser/order/internal/api/order/v1/create.go:29.16,30.10 1 0
github.com/1mpuser/order/internal/api/order/v1/create.go:31.55,32.93 1 0
github.com/1mpuser/order/internal/api/order/v1/create.go:33.43,34.93 1 0
github.com/1mpuser/order/internal/api/order/v1/create.go:35.11,36.19 1 0
github.com/1mpuser/order/internal/api/order/v1/create.go:40.2,43.8 1 0
github.com/1mpuser/order/internal/api/order/v1/get.go:14.105,16.16 2 0
github.com/1mpuser/order/internal/api/order/v1/get.go:16.16,17.10 1 0
github.com/1mpuser/order/internal/api/order/v1/get.go:18.46,19.90 1 0
github.com/1mpuser/order/internal/api/order/v1/get.go:20.44,21.94 1 0
github.com/1mpuser/order/internal/api/order/v1/get.go:22.11,23.19 1 0
github.com/1mpuser/order/internal/api/order/v1/get.go:27.2,27.41 1 0
github.com/1mpuser/order/internal/api/order/v1/pay.go:14.135,18.16 3 0
github.com/1mpuser/order/internal/api/order/v1/pay.go:18.16,19.10 1 0
github.com/1mpuser/order/internal/api/order/v1/pay.go:20.46,21.90 1 0
github.com/1mpuser/order/internal/api/order/v1/pay.go:22.89,23.90 1 0
github.com/1mpuser/order/internal/api/order/v1/pay.go:24.53,25.94 1 0
github.com/1mpuser/order/internal/api/order/v1/pay.go:26.11,27.19 1 0
github.com/1mpuser/order/internal/api/order/v1/pay.go:31.2,33.8 1 0
github.com/1mpuser/order/internal/service/order/cancel.go:11.71,13.16 2 5
github.com/1mpuser/order/internal/service/order/cancel.go:13.16,15.3 1 1
github.com/1mpuser/order/internal/service/order/cancel.go:17.2,19.12 2 4
github.com/1mpuser/order/internal/service/order/create.go:17.109,20.26 2 5
github.com/1mpuser/order/internal/service/order/create.go:20.26,22.3 1 0
github.com/1mpuser/order/internal/service/order/create.go:23.2,23.26 1 5
github.com/1mpuser/order/internal/service/order/create.go:23.26,25.3 1 0
github.com/1mpuser/order/internal/service/order/create.go:27.2,32.16 4 5
github.com/1mpuser/order/internal/service/order/create.go:32.16,34.3 1 1
github.com/1mpuser/order/internal/service/order/create.go:36.2,36.21 1 4
github.com/1mpuser/order/internal/service/order/create.go:36.21,38.3 1 1
github.com/1mpuser/order/internal/service/order/create.go:40.2,42.29 2 3
github.com/1mpuser/order/internal/service/order/create.go:42.29,43.30 1 6
github.com/1mpuser/order/internal/service/order/create.go:43.30,45.4 1 1
github.com/1mpuser/order/internal/service/order/create.go:47.3,47.27 1 5
github.com/1mpuser/order/internal/service/order/create.go:50.2,61.26 3 2
github.com/1mpuser/order/internal/service/order/create.go:61.26,63.3 1 0
github.com/1mpuser/order/internal/service/order/create.go:64.2,64.26 1 2
github.com/1mpuser/order/internal/service/order/create.go:64.26,66.3 1 0
github.com/1mpuser/order/internal/service/order/create.go:68.2,69.16 2 2
github.com/1mpuser/order/internal/service/order/create.go:69.16,71.3 1 1
github.com/1mpuser/order/internal/service/order/create.go:73.2,76.8 1 1
github.com/1mpuser/order/internal/service/order/get.go:13.81,15.16 2 4
github.com/1mpuser/order/internal/service/order/get.go:15.16,17.3 1 1
github.com/1mpuser/order/internal/service/order/get.go:19.2,20.16 2 3
github.com/1mpuser/order/internal/service/order/get.go:20.16,22.3 1 2
github.com/1mpuser/order/internal/service/order/get.go:24.2,24.44 1 1
github.com/1mpuser/order/internal/service/order/pay.go:14.128,16.16 2 5
github.com/1mpuser/order/internal/service/order/pay.go:16.16,18.3 1 0
github.com/1mpuser/order/internal/service/order/pay.go:20.2,21.16 2 5
github.com/1mpuser/order/internal/service/order/pay.go:21.16,23.3 1 1
github.com/1mpuser/order/internal/service/order/pay.go:25.2,25.22 1 4
github.com/1mpuser/order/internal/service/order/pay.go:26.29,27.39 1 1
github.com/1mpuser/order/internal/service/order/pay.go:28.34,29.37 1 1
github.com/1mpuser/order/internal/service/order/pay.go:32.2,33.16 2 2
github.com/1mpuser/order/internal/service/order/pay.go:33.16,35.3 1 1
github.com/1mpuser/order/internal/service/order/pay.go:37.2,38.16 2 1
github.com/1mpuser/order/internal/service/order/pay.go:38.16,40.3 1 0
github.com/1mpuser/order/internal/service/order/pay.go:42.2,43.16 2 1
github.com/1mpuser/order/internal/service/order/pay.go:43.16,45.3 1 0
github.com/1mpuser/order/internal/service/order/pay.go:47.2,47.54 1 1
github.com/1mpuser/order/internal/service/order/service.go:9.121,15.2 1 19
github.com/1mpuser/inventory/internal/api/inventory/v1/api.go:11.43,15.2 1 0
github.com/1mpuser/inventory/internal/api/inventory/v1/get.go:15.111,16.25 1 0
github.com/1mpuser/inventory/internal/api/inventory/v1/get.go:16.25,18.3 1 0
github.com/1mpuser/inventory/internal/api/inventory/v1/get.go:20.2,21.16 2 0
github.com/1mpuser/inventory/internal/api/inventory/v1/get.go:21.16,22.43 1 0
github.com/1mpuser/inventory/internal/api/inventory/v1/get.go:22.43,24.4 1 0
github.com/1mpuser/inventory/internal/api/inventory/v1/get.go:25.3,25.101 1 0
github.com/1mpuser/inventory/internal/api/inventory/v1/get.go:28.2,30.8 1 0
github.com/1mpuser/inventory/internal/api/inventory/v1/list.go:15.116,17.16 2 0
github.com/1mpuser/inventory/internal/api/inventory/v1/list.go:17.16,18.43 1 0
github.com/1mpuser/inventory/internal/api/inventory/v1/list.go:18.43,20.4 1 0
github.com/1mpuser/inventory/internal/api/inventory/v1/list.go:22.3,22.103 1 0
github.com/1mpuser/inventory/internal/api/inventory/v1/list.go:25.2,27.29 2 0
github.com/1mpuser/inventory/internal/api/inventory/v1/list.go:27.29,29.3 1 0
github.com/1mpuser/inventory/internal/api/inventory/v1/list.go:31.2,33.8 1 0
github.com/1mpuser/inventory/internal/api/convertor/part.go:10.51,19.2 1 0
github.com/1mpuser/inventory/internal/api/convertor/part.go:10.51,19.2 1 0
github.com/1mpuser/inventory/internal/api/inventory/v1/api.go:11.43,15.2 1 0
github.com/1mpuser/inventory/internal/api/inventory/v1/get.go:15.111,16.25 1 0
github.com/1mpuser/inventory/internal/api/inventory/v1/get.go:16.25,18.3 1 0
github.com/1mpuser/inventory/internal/api/inventory/v1/get.go:20.2,21.16 2 0
github.com/1mpuser/inventory/internal/api/inventory/v1/get.go:21.16,22.43 1 0
github.com/1mpuser/inventory/internal/api/inventory/v1/get.go:22.43,24.4 1 0
github.com/1mpuser/inventory/internal/api/inventory/v1/get.go:25.3,25.101 1 0
github.com/1mpuser/inventory/internal/api/inventory/v1/get.go:28.2,30.8 1 0
github.com/1mpuser/inventory/internal/api/inventory/v1/list.go:15.116,17.16 2 0
github.com/1mpuser/inventory/internal/api/inventory/v1/list.go:17.16,18.43 1 0
github.com/1mpuser/inventory/internal/api/inventory/v1/list.go:18.43,20.4 1 0
github.com/1mpuser/inventory/internal/api/inventory/v1/list.go:22.3,22.103 1 0
github.com/1mpuser/inventory/internal/api/inventory/v1/list.go:25.2,27.29 2 0
github.com/1mpuser/inventory/internal/api/inventory/v1/list.go:27.29,29.3 1 0
github.com/1mpuser/inventory/internal/api/inventory/v1/list.go:31.2,33.8 1 0
github.com/1mpuser/inventory/internal/service/part/get.go:12.75,14.16 2 4
github.com/1mpuser/inventory/internal/service/part/get.go:14.16,16.3 1 1
github.com/1mpuser/inventory/internal/service/part/get.go:18.2,18.39 1 3
github.com/1mpuser/inventory/internal/service/part/list.go:15.114,16.20 1 6
github.com/1mpuser/inventory/internal/service/part/list.go:16.20,19.28 2 3
github.com/1mpuser/inventory/internal/service/part/list.go:19.28,21.18 2 3
github.com/1mpuser/inventory/internal/service/part/list.go:21.18,23.5 1 1
github.com/1mpuser/inventory/internal/service/part/list.go:25.4,25.52 1 2
github.com/1mpuser/inventory/internal/service/part/list.go:28.3,28.62 1 2
github.com/1mpuser/inventory/internal/service/part/list.go:31.2,32.16 2 3
github.com/1mpuser/inventory/internal/service/part/list.go:32.16,34.3 1 1
github.com/1mpuser/inventory/internal/service/part/list.go:36.2,36.51 1 2
github.com/1mpuser/inventory/internal/service/part/list.go:36.51,38.3 1 1
github.com/1mpuser/inventory/internal/service/part/list.go:40.2,40.19 1 2
github.com/1mpuser/inventory/internal/service/part/service.go:7.57,11.2 1 10
github.com/1mpuser/payment/internal/api/payment/v1/api.go:11.49,15.2 1 0
github.com/1mpuser/payment/internal/api/payment/v1/pay.go:15.114,16.30 1 0
github.com/1mpuser/payment/internal/api/payment/v1/pay.go:16.30,18.3 1 0
github.com/1mpuser/payment/internal/api/payment/v1/pay.go:20.2,21.16 2 0
github.com/1mpuser/payment/internal/api/payment/v1/pay.go:21.16,22.47 1 0
github.com/1mpuser/payment/internal/api/payment/v1/pay.go:22.47,24.4 1 0
github.com/1mpuser/payment/internal/api/payment/v1/pay.go:25.3,25.51 1 0
github.com/1mpuser/payment/internal/api/payment/v1/pay.go:25.51,27.4 1 0
github.com/1mpuser/payment/internal/api/payment/v1/pay.go:28.3,28.90 1 0
github.com/1mpuser/payment/internal/api/payment/v1/pay.go:31.2,33.8 1 0
github.com/1mpuser/payment/internal/api/payment/v1/api.go:11.49,15.2 1 0
github.com/1mpuser/payment/internal/api/payment/v1/pay.go:15.114,16.30 1 0
github.com/1mpuser/payment/internal/api/payment/v1/pay.go:16.30,18.3 1 0
github.com/1mpuser/payment/internal/api/payment/v1/pay.go:20.2,21.16 2 0
github.com/1mpuser/payment/internal/api/payment/v1/pay.go:21.16,22.47 1 0
github.com/1mpuser/payment/internal/api/payment/v1/pay.go:22.47,24.4 1 0
github.com/1mpuser/payment/internal/api/payment/v1/pay.go:25.3,25.51 1 0
github.com/1mpuser/payment/internal/api/payment/v1/pay.go:25.51,27.4 1 0
github.com/1mpuser/payment/internal/api/payment/v1/pay.go:28.3,28.90 1 0
github.com/1mpuser/payment/internal/api/payment/v1/pay.go:31.2,33.8 1 0
github.com/1mpuser/payment/internal/service/payment/pay.go:13.89,15.16 2 5
github.com/1mpuser/payment/internal/service/payment/pay.go:15.16,17.3 1 2
github.com/1mpuser/payment/internal/service/payment/pay.go:19.2,19.64 1 3
github.com/1mpuser/payment/internal/service/payment/pay.go:19.64,21.3 1 1
github.com/1mpuser/payment/internal/service/payment/pay.go:23.2,31.38 3 2
github.com/1mpuser/payment/internal/service/payment/service.go:5.28,7.2 1 5
