mode: atomic
github.com/1mpuser/order/internal/api/order/v1/api.go:11.45,15.2 1 0
github.com/1mpuser/order/internal/api/order/v1/cancel.go:13.114,15.16 2 0
github.com/1mpuser/order/internal/api/order/v1/cancel.go:15.16,16.10 1 0
github.com/1mpuser/order/internal/api/order/v1/cancel.go:17.46,18.93 1 0
github.com/1mpuser/order/internal/api/order/v1/cancel.go:19.89,20.93 1 0
github.com/1mpuser/order/internal/api/order/v1/cancel.go:21.44,22.97 1 0
github.com/1mpuser/order/internal/api/order/v1/cancel.go:23.11,24.19 1 0
github.com/1mpuser/order/internal/api/order/v1/cancel.go:28.2,28.44 1 0
github.com/1mpuser/order/internal/api/order/v1/create.go:14.113,20.53 2 0
github.com/1mpuser/order/internal/api/order/v1/create.go:20.53,22.3 1 0
github.com/1mpuser/order/internal/api/order/v1/create.go:24.2,24.53 1 0
github.com/1mpuser/order/internal/api/order/v1/create.go:24.53,26.3 1 0
github.com/1mpuser/order/internal/api/order/v1/create.go:28.2,29.16 2 0
github.com/1mpuser/order/internal/api/order/v1/create.go:29.16,30.10 1 0
github.com/1mpuser/order/internal/api/order/v1/create.go:31.93,32.93 1 0
github.com/1mpuser/order/internal/api/order/v1/create.go:33.44,34.97 1 0
github.com/1mpuser/order/internal/api/order/v1/create.go:35.86,36.93 1 0
github.com/1mpuser/order/internal/api/order/v1/create.go:37.11,38.19 1 0
github.com/1mpuser/order/internal/api/order/v1/create.go:42.2,45.8 1 0
github.com/1mpuser/order/internal/api/order/v1/get.go:14.105,16.16 2 0
github.com/1mpuser/order/internal/api/order/v1/get.go:16.16,17.10 1 0
github.com/1mpuser/order/internal/api/order/v1/get.go:18.46,19.90 1 0
github.com/1mpuser/order/internal/api/order/v1/get.go:20.44,21.94 1 0
github.com/1mpuser/order/internal/api/order/v1/get.go:22.11,23.19 1 0
github.com/1mpuser/order/internal/api/order/v1/get.go:27.2,27.41 1 0
github.com/1mpuser/order/internal/api/order/v1/pay.go:14.135,18.16 3 0
github.com/1mpuser/order/internal/api/order/v1/pay.go:18.16,19.10 1 0
github.com/1mpuser/order/internal/api/order/v1/pay.go:20.46,21.90 1 0
github.com/1mpuser/order/internal/api/order/v1/pay.go:22.89,23.90 1 0
github.com/1mpuser/order/internal/api/order/v1/pay.go:24.53,25.94 1 0
github.com/1mpuser/order/internal/api/order/v1/pay.go:26.11,27.19 1 0
github.com/1mpuser/order/internal/api/order/v1/pay.go:31.2,33.8 1 0
github.com/1mpuser/order/internal/service/order/cancel.go:12.71,14.16 2 5
github.com/1mpuser/order/internal/service/order/cancel.go:14.16,16.3 1 1
github.com/1mpuser/order/internal/service/order/cancel.go:18.2,18.61 1 4
github.com/1mpuser/order/internal/service/order/cancel.go:18.61,20.17 2 4
github.com/1mpuser/order/internal/service/order/cancel.go:20.17,22.4 1 1
github.com/1mpuser/order/internal/service/order/cancel.go:24.3,24.23 1 3
github.com/1mpuser/order/internal/service/order/cancel.go:25.30,26.35 1 1
github.com/1mpuser/order/internal/service/order/cancel.go:27.35,28.33 1 1
github.com/1mpuser/order/internal/service/order/cancel.go:31.3,36.30 4 1
github.com/1mpuser/order/internal/service/order/cancel.go:36.30,38.4 1 0
github.com/1mpuser/order/internal/service/order/cancel.go:40.3,40.30 1 1
github.com/1mpuser/order/internal/service/order/cancel.go:40.30,42.4 1 0
github.com/1mpuser/order/internal/service/order/cancel.go:44.3,44.70 1 1
github.com/1mpuser/order/internal/service/order/cancel.go:44.70,46.4 1 0
github.com/1mpuser/order/internal/service/order/cancel.go:48.3,48.84 1 1
github.com/1mpuser/order/internal/service/order/create.go:18.109,21.26 2 6
github.com/1mpuser/order/internal/service/order/create.go:21.26,23.3 1 0
github.com/1mpuser/order/internal/service/order/create.go:24.2,24.26 1 6
github.com/1mpuser/order/internal/service/order/create.go:24.26,26.3 1 0
github.com/1mpuser/order/internal/service/order/create.go:28.2,33.16 4 6
github.com/1mpuser/order/internal/service/order/create.go:33.16,35.3 1 1
github.com/1mpuser/order/internal/service/order/create.go:37.2,37.21 1 5
github.com/1mpuser/order/internal/service/order/create.go:37.21,39.3 1 1
github.com/1mpuser/order/internal/service/order/create.go:41.2,43.23 2 4
github.com/1mpuser/order/internal/service/order/create.go:43.23,45.3 1 8
github.com/1mpuser/order/internal/service/order/create.go:47.2,48.26 2 4
github.com/1mpuser/order/internal/service/order/create.go:48.26,51.3 2 0
github.com/1mpuser/order/internal/service/order/create.go:52.2,52.26 1 4
github.com/1mpuser/order/internal/service/order/create.go:52.26,55.3 2 0
github.com/1mpuser/order/internal/service/order/create.go:57.2,58.16 2 4
github.com/1mpuser/order/internal/service/order/create.go:58.16,60.3 1 1
github.com/1mpuser/order/internal/service/order/create.go:62.2,63.16 2 3
github.com/1mpuser/order/internal/service/order/create.go:63.16,65.3 1 1
github.com/1mpuser/order/internal/service/order/create.go:67.2,75.29 5 2
github.com/1mpuser/order/internal/service/order/create.go:75.29,85.3 2 4
github.com/1mpuser/order/internal/service/order/create.go:87.2,96.26 2 2
github.com/1mpuser/order/internal/service/order/create.go:96.26,98.3 1 0
github.com/1mpuser/order/internal/service/order/create.go:99.2,99.26 1 2
github.com/1mpuser/order/internal/service/order/create.go:99.26,101.3 1 0
github.com/1mpuser/order/internal/service/order/create.go:103.2,103.60 1 2
github.com/1mpuser/order/internal/service/order/create.go:103.60,105.3 1 2
github.com/1mpuser/order/internal/service/order/create.go:106.2,106.16 1 2
github.com/1mpuser/order/internal/service/order/create.go:106.16,108.3 1 1
github.com/1mpuser/order/internal/service/order/create.go:110.2,113.8 1 1
github.com/1mpuser/order/internal/service/order/get.go:13.81,15.16 2 4
github.com/1mpuser/order/internal/service/order/get.go:15.16,17.3 1 1
github.com/1mpuser/order/internal/service/order/get.go:19.2,20.16 2 3
github.com/1mpuser/order/internal/service/order/get.go:20.16,22.3 1 2
github.com/1mpuser/order/internal/service/order/get.go:24.2,24.45 1 1
github.com/1mpuser/order/internal/service/order/pay.go:14.128,16.16 2 5
github.com/1mpuser/order/internal/service/order/pay.go:16.16,18.3 1 0
github.com/1mpuser/order/internal/service/order/pay.go:20.2,22.60 2 5
github.com/1mpuser/order/internal/service/order/pay.go:22.60,24.17 2 5
github.com/1mpuser/order/internal/service/order/pay.go:24.17,26.4 1 1
github.com/1mpuser/order/internal/service/order/pay.go:28.3,28.23 1 4
github.com/1mpuser/order/internal/service/order/pay.go:29.30,30.35 1 1
github.com/1mpuser/order/internal/service/order/pay.go:31.35,32.33 1 1
github.com/1mpuser/order/internal/service/order/pay.go:35.3,36.17 2 2
github.com/1mpuser/order/internal/service/order/pay.go:36.17,38.4 1 1
github.com/1mpuser/order/internal/service/order/pay.go:40.3,41.17 2 1
github.com/1mpuser/order/internal/service/order/pay.go:41.17,43.4 1 0
github.com/1mpuser/order/internal/service/order/pay.go:45.3,46.17 2 1
github.com/1mpuser/order/internal/service/order/pay.go:46.17,48.4 1 0
github.com/1mpuser/order/internal/service/order/pay.go:50.3,52.13 2 1
github.com/1mpuser/order/internal/service/order/pay.go:55.2,55.20 1 5
github.com/1mpuser/order/internal/service/order/service.go:10.142,17.2 1 20
github.com/1mpuser/order/internal/api/order/v1/api.go:11.45,15.2 1 0
github.com/1mpuser/order/internal/api/order/v1/cancel.go:13.114,15.16 2 0
github.com/1mpuser/order/internal/api/order/v1/cancel.go:15.16,16.10 1 0
github.com/1mpuser/order/internal/api/order/v1/cancel.go:17.46,18.93 1 0
github.com/1mpuser/order/internal/api/order/v1/cancel.go:19.89,20.93 1 0
github.com/1mpuser/order/internal/api/order/v1/cancel.go:21.44,22.97 1 0
github.com/1mpuser/order/internal/api/order/v1/cancel.go:23.11,24.19 1 0
github.com/1mpuser/order/internal/api/order/v1/cancel.go:28.2,28.44 1 0
github.com/1mpuser/order/internal/api/order/v1/create.go:14.113,20.53 2 0
github.com/1mpuser/order/internal/api/order/v1/create.go:20.53,22.3 1 0
github.com/1mpuser/order/internal/api/order/v1/create.go:24.2,24.53 1 0
github.com/1mpuser/order/internal/api/order/v1/create.go:24.53,26.3 1 0
github.com/1mpuser/order/internal/api/order/v1/create.go:28.2,29.16 2 0
github.com/1mpuser/order/internal/api/order/v1/create.go:29.16,30.10 1 0
github.com/1mpuser/order/internal/api/order/v1/create.go:31.93,32.93 1 0
github.com/1mpuser/order/internal/api/order/v1/create.go:33.44,34.97 1 0
github.com/1mpuser/order/internal/api/order/v1/create.go:35.86,36.93 1 0
github.com/1mpuser/order/internal/api/order/v1/create.go:37.11,38.19 1 0
github.com/1mpuser/order/internal/api/order/v1/create.go:42.2,45.8 1 0
github.com/1mpuser/order/internal/api/order/v1/get.go:14.105,16.16 2 0
github.com/1mpuser/order/internal/api/order/v1/get.go:16.16,17.10 1 0
github.com/1mpuser/order/internal/api/order/v1/get.go:18.46,19.90 1 0
github.com/1mpuser/order/internal/api/order/v1/get.go:20.44,21.94 1 0
github.com/1mpuser/order/internal/api/order/v1/get.go:22.11,23.19 1 0
github.com/1mpuser/order/internal/api/order/v1/get.go:27.2,27.41 1 0
github.com/1mpuser/order/internal/api/order/v1/pay.go:14.135,18.16 3 0
github.com/1mpuser/order/internal/api/order/v1/pay.go:18.16,19.10 1 0
github.com/1mpuser/order/internal/api/order/v1/pay.go:20.46,21.90 1 0
github.com/1mpuser/order/internal/api/order/v1/pay.go:22.89,23.90 1 0
github.com/1mpuser/order/internal/api/order/v1/pay.go:24.53,25.94 1 0
github.com/1mpuser/order/internal/api/order/v1/pay.go:26.11,27.19 1 0
github.com/1mpuser/order/internal/api/order/v1/pay.go:31.2,33.8 1 0
github.com/1mpuser/inventory/internal/api/convertor/part.go:10.70,11.18 1 0
github.com/1mpuser/inventory/internal/api/convertor/part.go:12.43,13.28 1 0
github.com/1mpuser/inventory/internal/api/convertor/part.go:14.45,15.30 1 0
github.com/1mpuser/inventory/internal/api/convertor/part.go:16.45,17.30 1 0
github.com/1mpuser/inventory/internal/api/convertor/part.go:18.45,19.30 1 0
github.com/1mpuser/inventory/internal/api/convertor/part.go:20.10,21.35 1 0
github.com/1mpuser/inventory/internal/api/convertor/part.go:25.68,26.18 1 0
github.com/1mpuser/inventory/internal/api/convertor/part.go:27.26,28.45 1 0
github.com/1mpuser/inventory/internal/api/convertor/part.go:29.28,30.47 1 0
github.com/1mpuser/inventory/internal/api/convertor/part.go:31.28,32.47 1 0
github.com/1mpuser/inventory/internal/api/convertor/part.go:33.28,34.47 1 0
github.com/1mpuser/inventory/internal/api/convertor/part.go:35.10,36.52 1 0
github.com/1mpuser/inventory/internal/api/convertor/part.go:40.51,50.2 1 0
github.com/1mpuser/inventory/internal/api/inventory/v1/api.go:11.43,15.2 1 0
github.com/1mpuser/inventory/internal/api/inventory/v1/get.go:15.115,16.25 1 0
github.com/1mpuser/inventory/internal/api/inventory/v1/get.go:16.25,18.3 1 0
github.com/1mpuser/inventory/internal/api/inventory/v1/get.go:20.2,21.16 2 0
github.com/1mpuser/inventory/internal/api/inventory/v1/get.go:21.16,22.10 1 0
github.com/1mpuser/inventory/internal/api/inventory/v1/get.go:23.44,24.109 1 0
github.com/1mpuser/inventory/internal/api/inventory/v1/get.go:25.45,26.106 1 0
github.com/1mpuser/inventory/internal/api/inventory/v1/get.go:27.11,28.102 1 0
github.com/1mpuser/inventory/internal/api/inventory/v1/get.go:32.2,34.8 1 0
github.com/1mpuser/inventory/internal/api/inventory/v1/list.go:15.121,17.16 2 0
github.com/1mpuser/inventory/internal/api/inventory/v1/list.go:17.16,18.10 1 0
github.com/1mpuser/inventory/internal/api/inventory/v1/list.go:19.44,20.99 1 0
github.com/1mpuser/inventory/internal/api/inventory/v1/list.go:21.45,22.107 1 0
github.com/1mpuser/inventory/internal/api/inventory/v1/list.go:23.11,24.104 1 0
github.com/1mpuser/inventory/internal/api/inventory/v1/list.go:28.2,30.29 2 0
github.com/1mpuser/inventory/internal/api/inventory/v1/list.go:30.29,32.3 1 0
github.com/1mpuser/inventory/internal/api/inventory/v1/list.go:34.2,36.8 1 0
github.com/1mpuser/inventory/internal/api/inventory/v1/release.go:14.130,15.30 1 0
github.com/1mpuser/inventory/internal/api/inventory/v1/release.go:15.30,17.3 1 0
github.com/1mpuser/inventory/internal/api/inventory/v1/release.go:19.2,19.67 1 0
github.com/1mpuser/inventory/internal/api/inventory/v1/release.go:19.67,20.10 1 0
github.com/1mpuser/inventory/internal/api/inventory/v1/release.go:21.44,22.99 1 0
github.com/1mpuser/inventory/internal/api/inventory/v1/release.go:23.45,24.90 1 0
github.com/1mpuser/inventory/internal/api/inventory/v1/release.go:25.49,26.103 1 0
github.com/1mpuser/inventory/internal/api/inventory/v1/release.go:27.11,28.110 1 0
github.com/1mpuser/inventory/internal/api/inventory/v1/release.go:32.2,32.49 1 0
github.com/1mpuser/inventory/internal/api/inventory/v1/reserve.go:14.130,15.30 1 0
github.com/1mpuser/inventory/internal/api/inventory/v1/reserve.go:15.30,17.3 1 0
github.com/1mpuser/inventory/internal/api/inventory/v1/reserve.go:19.2,19.67 1 0
github.com/1mpuser/inventory/internal/api/inventory/v1/reserve.go:19.67,20.10 1 0
github.com/1mpuser/inventory/internal/api/inventory/v1/reserve.go:21.44,22.99 1 0
github.com/1mpuser/inventory/internal/api/inventory/v1/reserve.go:23.45,24.90 1 0
github.com/1mpuser/inventory/internal/api/inventory/v1/reserve.go:25.43,26.120 1 0
github.com/1mpuser/inventory/internal/api/inventory/v1/reserve.go:27.11,28.114 1 0
github.com/1mpuser/inventory/internal/api/inventory/v1/reserve.go:32.2,32.49 1 0
github.com/1mpuser/inventory/internal/api/inventory/v1/validate_compatibility.go:20.157,21.29 1 0
github.com/1mpuser/inventory/internal/api/inventory/v1/validate_compatibility.go:21.29,23.3 1 0
github.com/1mpuser/inventory/internal/api/inventory/v1/validate_compatibility.go:24.2,24.31 1 0
github.com/1mpuser/inventory/internal/api/inventory/v1/validate_compatibility.go:24.31,26.3 1 0
github.com/1mpuser/inventory/internal/api/inventory/v1/validate_compatibility.go:29.2,33.31 2 0
github.com/1mpuser/inventory/internal/api/inventory/v1/validate_compatibility.go:33.31,35.3 1 0
github.com/1mpuser/inventory/internal/api/inventory/v1/validate_compatibility.go:36.2,36.31 1 0
github.com/1mpuser/inventory/internal/api/inventory/v1/validate_compatibility.go:36.31,38.3 1 0
github.com/1mpuser/inventory/internal/api/inventory/v1/validate_compatibility.go:40.2,44.26 3 0
github.com/1mpuser/inventory/internal/api/inventory/v1/validate_compatibility.go:44.26,45.34 1 0
github.com/1mpuser/inventory/internal/api/inventory/v1/validate_compatibility.go:45.34,47.4 1 0
github.com/1mpuser/inventory/internal/api/inventory/v1/validate_compatibility.go:48.3,52.17 4 0
github.com/1mpuser/inventory/internal/api/inventory/v1/validate_compatibility.go:52.17,53.11 1 0
github.com/1mpuser/inventory/internal/api/inventory/v1/validate_compatibility.go:54.45,55.103 1 0
github.com/1mpuser/inventory/internal/api/inventory/v1/validate_compatibility.go:56.46,57.94 1 0
github.com/1mpuser/inventory/internal/api/inventory/v1/validate_compatibility.go:58.12,59.88 1 0
github.com/1mpuser/inventory/internal/api/inventory/v1/validate_compatibility.go:63.3,63.36 1 0
github.com/1mpuser/inventory/internal/api/inventory/v1/validate_compatibility.go:63.36,65.4 1 0
github.com/1mpuser/inventory/internal/api/inventory/v1/validate_compatibility.go:68.2,68.72 1 0
github.com/1mpuser/inventory/internal/api/inventory/v1/validate_compatibility.go:68.72,69.10 1 0
github.com/1mpuser/inventory/internal/api/inventory/v1/validate_compatibility.go:70.44,71.99 1 0
github.com/1mpuser/inventory/internal/api/inventory/v1/validate_compatibility.go:72.45,73.90 1 0
github.com/1mpuser/inventory/internal/api/inventory/v1/validate_compatibility.go:74.50,75.105 1 0
github.com/1mpuser/inventory/internal/api/inventory/v1/validate_compatibility.go:76.11,77.114 1 0
github.com/1mpuser/inventory/internal/api/inventory/v1/validate_compatibility.go:81.2,81.58 1 0
github.com/1mpuser/inventory/internal/service/application/part/get.go:14.75,16.16 2 0
github.com/1mpuser/inventory/internal/service/application/part/get.go:16.16,18.3 1 0
github.com/1mpuser/inventory/internal/service/application/part/get.go:20.2,21.16 2 0
github.com/1mpuser/inventory/internal/service/application/part/get.go:21.16,22.43 1 0
github.com/1mpuser/inventory/internal/service/application/part/get.go:22.43,24.4 1 0
github.com/1mpuser/inventory/internal/service/application/part/get.go:26.3,26.27 1 0
github.com/1mpuser/inventory/internal/service/application/part/get.go:29.2,30.16 2 0
github.com/1mpuser/inventory/internal/service/application/part/get.go:30.16,32.3 1 0
github.com/1mpuser/inventory/internal/service/application/part/get.go:34.2,34.20 1 0
github.com/1mpuser/inventory/internal/service/application/part/list.go:16.108,17.20 1 0
github.com/1mpuser/inventory/internal/service/application/part/list.go:17.20,19.3 1 0
github.com/1mpuser/inventory/internal/service/application/part/list.go:21.2,21.40 1 0
github.com/1mpuser/inventory/internal/service/application/part/list.go:26.90,30.27 3 0
github.com/1mpuser/inventory/internal/service/application/part/list.go:30.27,32.17 2 0
github.com/1mpuser/inventory/internal/service/application/part/list.go:32.17,34.4 1 0
github.com/1mpuser/inventory/internal/service/application/part/list.go:36.3,37.40 2 0
github.com/1mpuser/inventory/internal/service/application/part/list.go:40.2,41.16 2 0
github.com/1mpuser/inventory/internal/service/application/part/list.go:41.16,43.3 1 0
github.com/1mpuser/inventory/internal/service/application/part/list.go:45.2,45.38 1 0
github.com/1mpuser/inventory/internal/service/application/part/list.go:45.38,47.3 1 0
github.com/1mpuser/inventory/internal/service/application/part/list.go:49.2,49.33 1 0
github.com/1mpuser/inventory/internal/service/application/part/list.go:53.102,59.43 2 0
github.com/1mpuser/inventory/internal/service/application/part/list.go:59.43,61.3 1 0
github.com/1mpuser/inventory/internal/service/application/part/list.go:61.8,63.3 1 0
github.com/1mpuser/inventory/internal/service/application/part/list.go:65.2,65.16 1 0
github.com/1mpuser/inventory/internal/service/application/part/list.go:65.16,67.3 1 0
github.com/1mpuser/inventory/internal/service/application/part/list.go:69.2,70.16 2 0
github.com/1mpuser/inventory/internal/service/application/part/list.go:70.16,72.3 1 0
github.com/1mpuser/inventory/internal/service/application/part/list.go:74.2,74.51 1 0
github.com/1mpuser/inventory/internal/service/application/part/list.go:74.51,76.3 1 0
github.com/1mpuser/inventory/internal/service/application/part/list.go:78.2,78.19 1 0
github.com/1mpuser/inventory/internal/service/application/part/list.go:81.73,84.30 2 0
github.com/1mpuser/inventory/internal/service/application/part/list.go:84.30,86.17 2 0
github.com/1mpuser/inventory/internal/service/application/part/list.go:86.17,88.4 1 0
github.com/1mpuser/inventory/internal/service/application/part/list.go:90.3,90.30 1 0
github.com/1mpuser/inventory/internal/service/application/part/list.go:93.2,93.19 1 0
github.com/1mpuser/inventory/internal/service/application/part/release.go:9.70,10.64 1 0
github.com/1mpuser/inventory/internal/service/application/part/release.go:10.64,12.3 1 0
github.com/1mpuser/inventory/internal/service/application/part/reserve.go:13.70,14.64 1 0
github.com/1mpuser/inventory/internal/service/application/part/reserve.go:14.64,16.3 1 0
github.com/1mpuser/inventory/internal/service/application/part/reserve.go:21.108,24.27 2 0
github.com/1mpuser/inventory/internal/service/application/part/reserve.go:24.27,26.17 2 0
github.com/1mpuser/inventory/internal/service/application/part/reserve.go:26.17,28.4 1 0
github.com/1mpuser/inventory/internal/service/application/part/reserve.go:30.3,30.43 1 0
github.com/1mpuser/inventory/internal/service/application/part/reserve.go:33.2,33.61 1 0
github.com/1mpuser/inventory/internal/service/application/part/reserve.go:33.61,35.17 2 0
github.com/1mpuser/inventory/internal/service/application/part/reserve.go:35.17,37.4 1 0
github.com/1mpuser/inventory/internal/service/application/part/reserve.go:39.3,39.44 1 0
github.com/1mpuser/inventory/internal/service/application/part/reserve.go:39.44,41.4 1 0
github.com/1mpuser/inventory/internal/service/application/part/reserve.go:43.3,45.42 2 0
github.com/1mpuser/inventory/internal/service/application/part/reserve.go:45.42,47.18 2 0
github.com/1mpuser/inventory/internal/service/application/part/reserve.go:47.18,49.5 1 0
github.com/1mpuser/inventory/internal/service/application/part/reserve.go:51.4,51.39 1 0
github.com/1mpuser/inventory/internal/service/application/part/reserve.go:51.39,53.5 1 0
github.com/1mpuser/inventory/internal/service/application/part/reserve.go:55.4,55.31 1 0
github.com/1mpuser/inventory/internal/service/application/part/reserve.go:58.3,58.50 1 0
github.com/1mpuser/inventory/internal/service/application/part/service.go:9.108,15.2 1 0
github.com/1mpuser/inventory/internal/service/application/part/validate_compatibility.go:14.84,15.21 1 0
github.com/1mpuser/inventory/internal/service/application/part/validate_compatibility.go:15.21,17.3 1 0
github.com/1mpuser/inventory/internal/service/application/part/validate_compatibility.go:19.2,21.27 2 0
github.com/1mpuser/inventory/internal/service/application/part/validate_compatibility.go:21.27,23.17 2 0
github.com/1mpuser/inventory/internal/service/application/part/validate_compatibility.go:23.17,25.4 1 0
github.com/1mpuser/inventory/internal/service/application/part/validate_compatibility.go:27.3,27.51 1 0
github.com/1mpuser/inventory/internal/service/application/part/validate_compatibility.go:30.2,31.16 2 0
github.com/1mpuser/inventory/internal/service/application/part/validate_compatibility.go:31.16,33.3 1 0
github.com/1mpuser/inventory/internal/service/application/part/validate_compatibility.go:35.2,37.33 2 0
github.com/1mpuser/inventory/internal/service/application/part/validate_compatibility.go:37.33,39.17 2 0
github.com/1mpuser/inventory/internal/service/application/part/validate_compatibility.go:39.17,41.4 1 0
github.com/1mpuser/inventory/internal/service/application/part/validate_compatibility.go:43.3,43.30 1 0
github.com/1mpuser/inventory/internal/service/application/part/validate_compatibility.go:46.2,46.31 1 0
github.com/1mpuser/inventory/internal/service/domain/compatibility_checker.go:10.54,12.2 1 1
github.com/1mpuser/inventory/internal/service/domain/compatibility_checker.go:14.64,23.29 2 5
github.com/1mpuser/inventory/internal/service/domain/compatibility_checker.go:23.29,26.10 2 16
github.com/1mpuser/inventory/internal/service/domain/compatibility_checker.go:27.28,28.23 1 5
github.com/1mpuser/inventory/internal/service/domain/compatibility_checker.go:29.30,30.27 1 5
github.com/1mpuser/inventory/internal/service/domain/compatibility_checker.go:31.30,32.27 1 3
github.com/1mpuser/inventory/internal/service/domain/compatibility_checker.go:33.30,34.27 1 3
github.com/1mpuser/inventory/internal/service/domain/compatibility_checker.go:39.2,39.62 1 5
github.com/1mpuser/inventory/internal/service/domain/compatibility_checker.go:39.62,41.3 1 1
github.com/1mpuser/inventory/internal/service/domain/compatibility_checker.go:44.2,44.68 1 4
github.com/1mpuser/inventory/internal/service/domain/compatibility_checker.go:44.68,46.3 1 1
github.com/1mpuser/inventory/internal/service/domain/compatibility_checker.go:48.2,48.12 1 3
github.com/1mpuser/inventory/internal/api/convertor/part.go:10.70,11.18 1 0
github.com/1mpuser/inventory/internal/api/convertor/part.go:12.43,13.28 1 0
github.com/1mpuser/inventory/internal/api/convertor/part.go:14.45,15.30 1 0
github.com/1mpuser/inventory/internal/api/convertor/part.go:16.45,17.30 1 0
github.com/1mpuser/inventory/internal/api/convertor/part.go:18.45,19.30 1 0
github.com/1mpuser/inventory/internal/api/convertor/part.go:20.10,21.35 1 0
github.com/1mpuser/inventory/internal/api/convertor/part.go:25.68,26.18 1 0
github.com/1mpuser/inventory/internal/api/convertor/part.go:27.26,28.45 1 0
github.com/1mpuser/inventory/internal/api/convertor/part.go:29.28,30.47 1 0
github.com/1mpuser/inventory/internal/api/convertor/part.go:31.28,32.47 1 0
github.com/1mpuser/inventory/internal/api/convertor/part.go:33.28,34.47 1 0
github.com/1mpuser/inventory/internal/api/convertor/part.go:35.10,36.52 1 0
github.com/1mpuser/inventory/internal/api/convertor/part.go:40.51,50.2 1 0
github.com/1mpuser/inventory/internal/api/inventory/v1/api.go:11.43,15.2 1 0
github.com/1mpuser/inventory/internal/api/inventory/v1/get.go:15.115,16.25 1 0
github.com/1mpuser/inventory/internal/api/inventory/v1/get.go:16.25,18.3 1 0
github.com/1mpuser/inventory/internal/api/inventory/v1/get.go:20.2,21.16 2 0
github.com/1mpuser/inventory/internal/api/inventory/v1/get.go:21.16,22.10 1 0
github.com/1mpuser/inventory/internal/api/inventory/v1/get.go:23.44,24.109 1 0
github.com/1mpuser/inventory/internal/api/inventory/v1/get.go:25.45,26.106 1 0
github.com/1mpuser/inventory/internal/api/inventory/v1/get.go:27.11,28.102 1 0
github.com/1mpuser/inventory/internal/api/inventory/v1/get.go:32.2,34.8 1 0
github.com/1mpuser/inventory/internal/api/inventory/v1/list.go:15.121,17.16 2 0
github.com/1mpuser/inventory/internal/api/inventory/v1/list.go:17.16,18.10 1 0
github.com/1mpuser/inventory/internal/api/inventory/v1/list.go:19.44,20.99 1 0
github.com/1mpuser/inventory/internal/api/inventory/v1/list.go:21.45,22.107 1 0
github.com/1mpuser/inventory/internal/api/inventory/v1/list.go:23.11,24.104 1 0
github.com/1mpuser/inventory/internal/api/inventory/v1/list.go:28.2,30.29 2 0
github.com/1mpuser/inventory/internal/api/inventory/v1/list.go:30.29,32.3 1 0
github.com/1mpuser/inventory/internal/api/inventory/v1/list.go:34.2,36.8 1 0
github.com/1mpuser/inventory/internal/api/inventory/v1/release.go:14.130,15.30 1 0
github.com/1mpuser/inventory/internal/api/inventory/v1/release.go:15.30,17.3 1 0
github.com/1mpuser/inventory/internal/api/inventory/v1/release.go:19.2,19.67 1 0
github.com/1mpuser/inventory/internal/api/inventory/v1/release.go:19.67,20.10 1 0
github.com/1mpuser/inventory/internal/api/inventory/v1/release.go:21.44,22.99 1 0
github.com/1mpuser/inventory/internal/api/inventory/v1/release.go:23.45,24.90 1 0
github.com/1mpuser/inventory/internal/api/inventory/v1/release.go:25.49,26.103 1 0
github.com/1mpuser/inventory/internal/api/inventory/v1/release.go:27.11,28.110 1 0
github.com/1mpuser/inventory/internal/api/inventory/v1/release.go:32.2,32.49 1 0
github.com/1mpuser/inventory/internal/api/inventory/v1/reserve.go:14.130,15.30 1 0
github.com/1mpuser/inventory/internal/api/inventory/v1/reserve.go:15.30,17.3 1 0
github.com/1mpuser/inventory/internal/api/inventory/v1/reserve.go:19.2,19.67 1 0
github.com/1mpuser/inventory/internal/api/inventory/v1/reserve.go:19.67,20.10 1 0
github.com/1mpuser/inventory/internal/api/inventory/v1/reserve.go:21.44,22.99 1 0
github.com/1mpuser/inventory/internal/api/inventory/v1/reserve.go:23.45,24.90 1 0
github.com/1mpuser/inventory/internal/api/inventory/v1/reserve.go:25.43,26.120 1 0
github.com/1mpuser/inventory/internal/api/inventory/v1/reserve.go:27.11,28.114 1 0
github.com/1mpuser/inventory/internal/api/inventory/v1/reserve.go:32.2,32.49 1 0
github.com/1mpuser/inventory/internal/api/inventory/v1/validate_compatibility.go:20.157,21.29 1 0
github.com/1mpuser/inventory/internal/api/inventory/v1/validate_compatibility.go:21.29,23.3 1 0
github.com/1mpuser/inventory/internal/api/inventory/v1/validate_compatibility.go:24.2,24.31 1 0
github.com/1mpuser/inventory/internal/api/inventory/v1/validate_compatibility.go:24.31,26.3 1 0
github.com/1mpuser/inventory/internal/api/inventory/v1/validate_compatibility.go:29.2,33.31 2 0
github.com/1mpuser/inventory/internal/api/inventory/v1/validate_compatibility.go:33.31,35.3 1 0
github.com/1mpuser/inventory/internal/api/inventory/v1/validate_compatibility.go:36.2,36.31 1 0
github.com/1mpuser/inventory/internal/api/inventory/v1/validate_compatibility.go:36.31,38.3 1 0
github.com/1mpuser/inventory/internal/api/inventory/v1/validate_compatibility.go:40.2,44.26 3 0
github.com/1mpuser/inventory/internal/api/inventory/v1/validate_compatibility.go:44.26,45.34 1 0
github.com/1mpuser/inventory/internal/api/inventory/v1/validate_compatibility.go:45.34,47.4 1 0
github.com/1mpuser/inventory/internal/api/inventory/v1/validate_compatibility.go:48.3,52.17 4 0
github.com/1mpuser/inventory/internal/api/inventory/v1/validate_compatibility.go:52.17,53.11 1 0
github.com/1mpuser/inventory/internal/api/inventory/v1/validate_compatibility.go:54.45,55.103 1 0
github.com/1mpuser/inventory/internal/api/inventory/v1/validate_compatibility.go:56.46,57.94 1 0
github.com/1mpuser/inventory/internal/api/inventory/v1/validate_compatibility.go:58.12,59.88 1 0
github.com/1mpuser/inventory/internal/api/inventory/v1/validate_compatibility.go:63.3,63.36 1 0
github.com/1mpuser/inventory/internal/api/inventory/v1/validate_compatibility.go:63.36,65.4 1 0
github.com/1mpuser/inventory/internal/api/inventory/v1/validate_compatibility.go:68.2,68.72 1 0
github.com/1mpuser/inventory/internal/api/inventory/v1/validate_compatibility.go:68.72,69.10 1 0
github.com/1mpuser/inventory/internal/api/inventory/v1/validate_compatibility.go:70.44,71.99 1 0
github.com/1mpuser/inventory/internal/api/inventory/v1/validate_compatibility.go:72.45,73.90 1 0
github.com/1mpuser/inventory/internal/api/inventory/v1/validate_compatibility.go:74.50,75.105 1 0
github.com/1mpuser/inventory/internal/api/inventory/v1/validate_compatibility.go:76.11,77.114 1 0
github.com/1mpuser/inventory/internal/api/inventory/v1/validate_compatibility.go:81.2,81.58 1 0
github.com/1mpuser/inventory/internal/service/application/part/get.go:14.75,16.16 2 4
github.com/1mpuser/inventory/internal/service/application/part/get.go:16.16,18.3 1 1
github.com/1mpuser/inventory/internal/service/application/part/get.go:20.2,21.16 2 3
github.com/1mpuser/inventory/internal/service/application/part/get.go:21.16,22.43 1 2
github.com/1mpuser/inventory/internal/service/application/part/get.go:22.43,24.4 1 1
github.com/1mpuser/inventory/internal/service/application/part/get.go:26.3,26.27 1 1
github.com/1mpuser/inventory/internal/service/application/part/get.go:29.2,30.16 2 1
github.com/1mpuser/inventory/internal/service/application/part/get.go:30.16,32.3 1 0
github.com/1mpuser/inventory/internal/service/application/part/get.go:34.2,34.20 1 1
github.com/1mpuser/inventory/internal/service/application/part/list.go:16.108,17.20 1 6
github.com/1mpuser/inventory/internal/service/application/part/list.go:17.20,19.3 1 3
github.com/1mpuser/inventory/internal/service/application/part/list.go:21.2,21.40 1 3
github.com/1mpuser/inventory/internal/service/application/part/list.go:26.90,30.27 3 3
github.com/1mpuser/inventory/internal/service/application/part/list.go:30.27,32.17 2 3
github.com/1mpuser/inventory/internal/service/application/part/list.go:32.17,34.4 1 1
github.com/1mpuser/inventory/internal/service/application/part/list.go:36.3,37.40 2 2
github.com/1mpuser/inventory/internal/service/application/part/list.go:40.2,41.16 2 2
github.com/1mpuser/inventory/internal/service/application/part/list.go:41.16,43.3 1 1
github.com/1mpuser/inventory/internal/service/application/part/list.go:45.2,45.38 1 1
github.com/1mpuser/inventory/internal/service/application/part/list.go:45.38,47.3 1 0
github.com/1mpuser/inventory/internal/service/application/part/list.go:49.2,49.33 1 1
github.com/1mpuser/inventory/internal/service/application/part/list.go:53.102,59.43 2 3
github.com/1mpuser/inventory/internal/service/application/part/list.go:59.43,61.3 1 2
github.com/1mpuser/inventory/internal/service/application/part/list.go:61.8,63.3 1 1
github.com/1mpuser/inventory/internal/service/application/part/list.go:65.2,65.16 1 3
github.com/1mpuser/inventory/internal/service/application/part/list.go:65.16,67.3 1 1
github.com/1mpuser/inventory/internal/service/application/part/list.go:69.2,70.16 2 2
github.com/1mpuser/inventory/internal/service/application/part/list.go:70.16,72.3 1 0
github.com/1mpuser/inventory/internal/service/application/part/list.go:74.2,74.51 1 2
github.com/1mpuser/inventory/internal/service/application/part/list.go:74.51,76.3 1 1
github.com/1mpuser/inventory/internal/service/application/part/list.go:78.2,78.19 1 2
github.com/1mpuser/inventory/internal/service/application/part/list.go:81.73,84.30 2 3
github.com/1mpuser/inventory/internal/service/application/part/list.go:84.30,86.17 2 4
github.com/1mpuser/inventory/internal/service/application/part/list.go:86.17,88.4 1 0
github.com/1mpuser/inventory/internal/service/application/part/list.go:90.3,90.30 1 4
github.com/1mpuser/inventory/internal/service/application/part/list.go:93.2,93.19 1 3
github.com/1mpuser/inventory/internal/service/application/part/release.go:9.70,10.64 1 0
github.com/1mpuser/inventory/internal/service/application/part/release.go:10.64,12.3 1 0
github.com/1mpuser/inventory/internal/service/application/part/reserve.go:13.70,14.64 1 0
github.com/1mpuser/inventory/internal/service/application/part/reserve.go:14.64,16.3 1 0
github.com/1mpuser/inventory/internal/service/application/part/reserve.go:21.108,24.27 2 0
github.com/1mpuser/inventory/internal/service/application/part/reserve.go:24.27,26.17 2 0
github.com/1mpuser/inventory/internal/service/application/part/reserve.go:26.17,28.4 1 0
github.com/1mpuser/inventory/internal/service/application/part/reserve.go:30.3,30.43 1 0
github.com/1mpuser/inventory/internal/service/application/part/reserve.go:33.2,33.61 1 0
github.com/1mpuser/inventory/internal/service/application/part/reserve.go:33.61,35.17 2 0
github.com/1mpuser/inventory/internal/service/application/part/reserve.go:35.17,37.4 1 0
github.com/1mpuser/inventory/internal/service/application/part/reserve.go:39.3,39.44 1 0
github.com/1mpuser/inventory/internal/service/application/part/reserve.go:39.44,41.4 1 0
github.com/1mpuser/inventory/internal/service/application/part/reserve.go:43.3,45.42 2 0
github.com/1mpuser/inventory/internal/service/application/part/reserve.go:45.42,47.18 2 0
github.com/1mpuser/inventory/internal/service/application/part/reserve.go:47.18,49.5 1 0
github.com/1mpuser/inventory/internal/service/application/part/reserve.go:51.4,51.39 1 0
github.com/1mpuser/inventory/internal/service/application/part/reserve.go:51.39,53.5 1 0
github.com/1mpuser/inventory/internal/service/application/part/reserve.go:55.4,55.31 1 0
github.com/1mpuser/inventory/internal/service/application/part/reserve.go:58.3,58.50 1 0
github.com/1mpuser/inventory/internal/service/application/part/service.go:9.108,15.2 1 10
github.com/1mpuser/inventory/internal/service/application/part/validate_compatibility.go:14.84,15.21 1 0
github.com/1mpuser/inventory/internal/service/application/part/validate_compatibility.go:15.21,17.3 1 0
github.com/1mpuser/inventory/internal/service/application/part/validate_compatibility.go:19.2,21.27 2 0
github.com/1mpuser/inventory/internal/service/application/part/validate_compatibility.go:21.27,23.17 2 0
github.com/1mpuser/inventory/internal/service/application/part/validate_compatibility.go:23.17,25.4 1 0
github.com/1mpuser/inventory/internal/service/application/part/validate_compatibility.go:27.3,27.51 1 0
github.com/1mpuser/inventory/internal/service/application/part/validate_compatibility.go:30.2,31.16 2 0
github.com/1mpuser/inventory/internal/service/application/part/validate_compatibility.go:31.16,33.3 1 0
github.com/1mpuser/inventory/internal/service/application/part/validate_compatibility.go:35.2,37.33 2 0
github.com/1mpuser/inventory/internal/service/application/part/validate_compatibility.go:37.33,39.17 2 0
github.com/1mpuser/inventory/internal/service/application/part/validate_compatibility.go:39.17,41.4 1 0
github.com/1mpuser/inventory/internal/service/application/part/validate_compatibility.go:43.3,43.30 1 0
github.com/1mpuser/inventory/internal/service/application/part/validate_compatibility.go:46.2,46.31 1 0
github.com/1mpuser/inventory/internal/service/domain/compatibility_checker.go:10.54,12.2 1 0
github.com/1mpuser/inventory/internal/service/domain/compatibility_checker.go:14.64,23.29 2 0
github.com/1mpuser/inventory/internal/service/domain/compatibility_checker.go:23.29,26.10 2 0
github.com/1mpuser/inventory/internal/service/domain/compatibility_checker.go:27.28,28.23 1 0
github.com/1mpuser/inventory/internal/service/domain/compatibility_checker.go:29.30,30.27 1 0
github.com/1mpuser/inventory/internal/service/domain/compatibility_checker.go:31.30,32.27 1 0
github.com/1mpuser/inventory/internal/service/domain/compatibility_checker.go:33.30,34.27 1 0
github.com/1mpuser/inventory/internal/service/domain/compatibility_checker.go:39.2,39.62 1 0
github.com/1mpuser/inventory/internal/service/domain/compatibility_checker.go:39.62,41.3 1 0
github.com/1mpuser/inventory/internal/service/domain/compatibility_checker.go:44.2,44.68 1 0
github.com/1mpuser/inventory/internal/service/domain/compatibility_checker.go:44.68,46.3 1 0
github.com/1mpuser/inventory/internal/service/domain/compatibility_checker.go:48.2,48.12 1 0
github.com/1mpuser/inventory/internal/api/inventory/v1/api.go:11.43,15.2 1 0
github.com/1mpuser/inventory/internal/api/inventory/v1/get.go:15.115,16.25 1 0
github.com/1mpuser/inventory/internal/api/inventory/v1/get.go:16.25,18.3 1 0
github.com/1mpuser/inventory/internal/api/inventory/v1/get.go:20.2,21.16 2 0
github.com/1mpuser/inventory/internal/api/inventory/v1/get.go:21.16,22.10 1 0
github.com/1mpuser/inventory/internal/api/inventory/v1/get.go:23.44,24.109 1 0
github.com/1mpuser/inventory/internal/api/inventory/v1/get.go:25.45,26.106 1 0
github.com/1mpuser/inventory/internal/api/inventory/v1/get.go:27.11,28.102 1 0
github.com/1mpuser/inventory/internal/api/inventory/v1/get.go:32.2,34.8 1 0
github.com/1mpuser/inventory/internal/api/inventory/v1/list.go:15.121,17.16 2 0
github.com/1mpuser/inventory/internal/api/inventory/v1/list.go:17.16,18.10 1 0
github.com/1mpuser/inventory/internal/api/inventory/v1/list.go:19.44,20.99 1 0
github.com/1mpuser/inventory/internal/api/inventory/v1/list.go:21.45,22.107 1 0
github.com/1mpuser/inventory/internal/api/inventory/v1/list.go:23.11,24.104 1 0
github.com/1mpuser/inventory/internal/api/inventory/v1/list.go:28.2,30.29 2 0
github.com/1mpuser/inventory/internal/api/inventory/v1/list.go:30.29,32.3 1 0
github.com/1mpuser/inventory/internal/api/inventory/v1/list.go:34.2,36.8 1 0
github.com/1mpuser/inventory/internal/api/inventory/v1/release.go:14.130,15.30 1 0
github.com/1mpuser/inventory/internal/api/inventory/v1/release.go:15.30,17.3 1 0
github.com/1mpuser/inventory/internal/api/inventory/v1/release.go:19.2,19.67 1 0
github.com/1mpuser/inventory/internal/api/inventory/v1/release.go:19.67,20.10 1 0
github.com/1mpuser/inventory/internal/api/inventory/v1/release.go:21.44,22.99 1 0
github.com/1mpuser/inventory/internal/api/inventory/v1/release.go:23.45,24.90 1 0
github.com/1mpuser/inventory/internal/api/inventory/v1/release.go:25.49,26.103 1 0
github.com/1mpuser/inventory/internal/api/inventory/v1/release.go:27.11,28.110 1 0
github.com/1mpuser/inventory/internal/api/inventory/v1/release.go:32.2,32.49 1 0
github.com/1mpuser/inventory/internal/api/inventory/v1/reserve.go:14.130,15.30 1 0
github.com/1mpuser/inventory/internal/api/inventory/v1/reserve.go:15.30,17.3 1 0
github.com/1mpuser/inventory/internal/api/inventory/v1/reserve.go:19.2,19.67 1 0
github.com/1mpuser/inventory/internal/api/inventory/v1/reserve.go:19.67,20.10 1 0
github.com/1mpuser/inventory/internal/api/inventory/v1/reserve.go:21.44,22.99 1 0
github.com/1mpuser/inventory/internal/api/inventory/v1/reserve.go:23.45,24.90 1 0
github.com/1mpuser/inventory/internal/api/inventory/v1/reserve.go:25.43,26.120 1 0
github.com/1mpuser/inventory/internal/api/inventory/v1/reserve.go:27.11,28.114 1 0
github.com/1mpuser/inventory/internal/api/inventory/v1/reserve.go:32.2,32.49 1 0
github.com/1mpuser/inventory/internal/api/inventory/v1/validate_compatibility.go:20.157,21.29 1 0
github.com/1mpuser/inventory/internal/api/inventory/v1/validate_compatibility.go:21.29,23.3 1 0
github.com/1mpuser/inventory/internal/api/inventory/v1/validate_compatibility.go:24.2,24.31 1 0
github.com/1mpuser/inventory/internal/api/inventory/v1/validate_compatibility.go:24.31,26.3 1 0
github.com/1mpuser/inventory/internal/api/inventory/v1/validate_compatibility.go:29.2,33.31 2 0
github.com/1mpuser/inventory/internal/api/inventory/v1/validate_compatibility.go:33.31,35.3 1 0
github.com/1mpuser/inventory/internal/api/inventory/v1/validate_compatibility.go:36.2,36.31 1 0
github.com/1mpuser/inventory/internal/api/inventory/v1/validate_compatibility.go:36.31,38.3 1 0
github.com/1mpuser/inventory/internal/api/inventory/v1/validate_compatibility.go:40.2,44.26 3 0
github.com/1mpuser/inventory/internal/api/inventory/v1/validate_compatibility.go:44.26,45.34 1 0
github.com/1mpuser/inventory/internal/api/inventory/v1/validate_compatibility.go:45.34,47.4 1 0
github.com/1mpuser/inventory/internal/api/inventory/v1/validate_compatibility.go:48.3,52.17 4 0
github.com/1mpuser/inventory/internal/api/inventory/v1/validate_compatibility.go:52.17,53.11 1 0
github.com/1mpuser/inventory/internal/api/inventory/v1/validate_compatibility.go:54.45,55.103 1 0
github.com/1mpuser/inventory/internal/api/inventory/v1/validate_compatibility.go:56.46,57.94 1 0
github.com/1mpuser/inventory/internal/api/inventory/v1/validate_compatibility.go:58.12,59.88 1 0
github.com/1mpuser/inventory/internal/api/inventory/v1/validate_compatibility.go:63.3,63.36 1 0
github.com/1mpuser/inventory/internal/api/inventory/v1/validate_compatibility.go:63.36,65.4 1 0
github.com/1mpuser/inventory/internal/api/inventory/v1/validate_compatibility.go:68.2,68.72 1 0
github.com/1mpuser/inventory/internal/api/inventory/v1/validate_compatibility.go:68.72,69.10 1 0
github.com/1mpuser/inventory/internal/api/inventory/v1/validate_compatibility.go:70.44,71.99 1 0
github.com/1mpuser/inventory/internal/api/inventory/v1/validate_compatibility.go:72.45,73.90 1 0
github.com/1mpuser/inventory/internal/api/inventory/v1/validate_compatibility.go:74.50,75.105 1 0
github.com/1mpuser/inventory/internal/api/inventory/v1/validate_compatibility.go:76.11,77.114 1 0
github.com/1mpuser/inventory/internal/api/inventory/v1/validate_compatibility.go:81.2,81.58 1 0
github.com/1mpuser/inventory/internal/api/convertor/part.go:10.70,11.18 1 0
github.com/1mpuser/inventory/internal/api/convertor/part.go:12.43,13.28 1 0
github.com/1mpuser/inventory/internal/api/convertor/part.go:14.45,15.30 1 0
github.com/1mpuser/inventory/internal/api/convertor/part.go:16.45,17.30 1 0
github.com/1mpuser/inventory/internal/api/convertor/part.go:18.45,19.30 1 0
github.com/1mpuser/inventory/internal/api/convertor/part.go:20.10,21.35 1 0
github.com/1mpuser/inventory/internal/api/convertor/part.go:25.68,26.18 1 0
github.com/1mpuser/inventory/internal/api/convertor/part.go:27.26,28.45 1 0
github.com/1mpuser/inventory/internal/api/convertor/part.go:29.28,30.47 1 0
github.com/1mpuser/inventory/internal/api/convertor/part.go:31.28,32.47 1 0
github.com/1mpuser/inventory/internal/api/convertor/part.go:33.28,34.47 1 0
github.com/1mpuser/inventory/internal/api/convertor/part.go:35.10,36.52 1 0
github.com/1mpuser/inventory/internal/api/convertor/part.go:40.51,50.2 1 0
github.com/1mpuser/payment/internal/api/payment/v1/api.go:11.49,15.2 1 0
github.com/1mpuser/payment/internal/api/payment/v1/pay.go:15.114,16.30 1 0
github.com/1mpuser/payment/internal/api/payment/v1/pay.go:16.30,18.3 1 0
github.com/1mpuser/payment/internal/api/payment/v1/pay.go:20.2,21.16 2 0
github.com/1mpuser/payment/internal/api/payment/v1/pay.go:21.16,22.47 1 0
github.com/1mpuser/payment/internal/api/payment/v1/pay.go:22.47,24.4 1 0
github.com/1mpuser/payment/internal/api/payment/v1/pay.go:25.3,25.51 1 0
github.com/1mpuser/payment/internal/api/payment/v1/pay.go:25.51,27.4 1 0
github.com/1mpuser/payment/internal/api/payment/v1/pay.go:28.3,28.90 1 0
github.com/1mpuser/payment/internal/api/payment/v1/pay.go:31.2,33.8 1 0
github.com/1mpuser/payment/internal/service/payment/pay.go:13.89,15.16 2 5
github.com/1mpuser/payment/internal/service/payment/pay.go:15.16,17.3 1 2
github.com/1mpuser/payment/internal/service/payment/pay.go:19.2,19.64 1 3
github.com/1mpuser/payment/internal/service/payment/pay.go:19.64,21.3 1 1
github.com/1mpuser/payment/internal/service/payment/pay.go:23.2,31.38 3 2
github.com/1mpuser/payment/internal/service/payment/service.go:5.28,7.2 1 5
github.com/1mpuser/payment/internal/api/payment/v1/api.go:11.49,15.2 1 0
github.com/1mpuser/payment/internal/api/payment/v1/pay.go:15.114,16.30 1 0
github.com/1mpuser/payment/internal/api/payment/v1/pay.go:16.30,18.3 1 0
github.com/1mpuser/payment/internal/api/payment/v1/pay.go:20.2,21.16 2 0
github.com/1mpuser/payment/internal/api/payment/v1/pay.go:21.16,22.47 1 0
github.com/1mpuser/payment/internal/api/payment/v1/pay.go:22.47,24.4 1 0
github.com/1mpuser/payment/internal/api/payment/v1/pay.go:25.3,25.51 1 0
github.com/1mpuser/payment/internal/api/payment/v1/pay.go:25.51,27.4 1 0
github.com/1mpuser/payment/internal/api/payment/v1/pay.go:28.3,28.90 1 0
github.com/1mpuser/payment/internal/api/payment/v1/pay.go:31.2,33.8 1 0
